Using pre-set license

 COMMAND LINE ARGUMENTS:
/Applications/Unity/Hub/Editor/2021.1.7f1/Unity.app/Contents/MacOS/Unity
-adb2
-batchMode
-noUpm
-name
AssetImportWorker0
-projectPath
/Users/adrianmester/Documents/GitHub/GMTK21/Boujee Choosey
-logFile
Logs/AssetImportWorker0.log
-srvPort
51222
Successfully changed project path to: /Users/adrianmester/Documents/GitHub/GMTK21/Boujee Choosey
/Users/adrianmester/Documents/GitHub/GMTK21/Boujee Choosey
Using Asset Import Pipeline V2.
Refreshing native plugins compatible for Editor in 157.86 ms, found 1 plugins.
Preloading 0 native plugins for Editor in 0.00 ms.
Initialize engine version: 2021.1.7f1 (d91830b65d9b)
[Subsystems] Discovering subsystems at path /Applications/Unity/Hub/Editor/2021.1.7f1/Unity.app/Contents/Resources/UnitySubsystems
[Subsystems] Discovering subsystems at path /Users/adrianmester/Documents/GitHub/GMTK21/Boujee Choosey/Assets
GfxDevice: creating device client; threaded=0; jobified=0
2021-06-11 17:20:34.060 Unity[7412:152541] Color LCD preferred device: Intel(R) Iris(TM) Graphics 6000 (low power)
2021-06-11 17:20:34.061 Unity[7412:152541] Metal devices available: 1
2021-06-11 17:20:34.061 Unity[7412:152541] 0: Intel(R) Iris(TM) Graphics 6000 (low power)
2021-06-11 17:20:34.061 Unity[7412:152541] Using device Intel(R) Iris(TM) Graphics 6000 (low power)
Initializing Metal device caps: Intel(R) Iris(TM) Graphics 6000
Initialize mono
Mono path[0] = '/Applications/Unity/Hub/Editor/2021.1.7f1/Unity.app/Contents/Managed'
Mono path[1] = '/Applications/Unity/Hub/Editor/2021.1.7f1/Unity.app/Contents/MonoBleedingEdge/lib/mono/unityjit'
Mono config path = '/Applications/Unity/Hub/Editor/2021.1.7f1/Unity.app/Contents/MonoBleedingEdge/etc'
Using monoOptions --debugger-agent=transport=dt_socket,embedding=1,server=y,suspend=n,address=127.0.0.1:56412
Begin MonoManager ReloadAssembly
Registering precompiled unity dll's ...
Register platform support module: /Applications/Unity/Hub/Editor/2021.1.7f1/Unity.app/Contents/PlaybackEngines/MacStandaloneSupport/UnityEditor.OSXStandalone.Extensions.dll
Register platform support module: /Applications/Unity/Hub/Editor/2021.1.7f1/PlaybackEngines/WindowsStandaloneSupport/UnityEditor.WindowsStandalone.Extensions.dll
Registered in 0.005367 seconds.
Native extension for WindowsStandalone target not found
Native extension for OSXStandalone target not found
Refreshing native plugins compatible for Editor in 156.15 ms, found 1 plugins.
Preloading 0 native plugins for Editor in 0.00 ms.
Mono: successfully reloaded assembly
- Completed reload, in  4.095 seconds
Platform modules already initialized, skipping
Registering precompiled user dll's ...
Registered in 0.007801 seconds.
Begin MonoManager ReloadAssembly
Symbol file LoadedFromMemory doesn't match image /Users/adrianmester/Documents/GitHub/GMTK21/Boujee Choosey/Library/PackageCache/com.unity.visualscripting@1.6.1/Editor/VisualScripting.Core/Dependencies/YamlDotNet/Unity.VisualScripting.YamlDotNet.dll
Symbol file LoadedFromMemory doesn't match image /Users/adrianmester/Documents/GitHub/GMTK21/Boujee Choosey/Library/PackageCache/com.unity.visualscripting@1.6.1/Editor/VisualScripting.Core/Dependencies/DotNetZip/Unity.VisualScripting.IonicZip.dll
Native extension for WindowsStandalone target not found
Native extension for OSXStandalone target not found
Refreshing native plugins compatible for Editor in 1.27 ms, found 1 plugins.
Preloading 0 native plugins for Editor in 0.00 ms.
Mono: successfully reloaded assembly
- Completed reload, in  2.690 seconds
Platform modules already initialized, skipping
========================================================================
Worker process is ready to serve import requests
Launching external process: /Applications/Unity/Hub/Editor/2021.1.7f1/Unity.app/Contents/Tools/UnityShaderCompiler
Launched and connected shader compiler UnityShaderCompiler after 0.02 seconds
Refreshing native plugins compatible for Editor in 0.72 ms, found 1 plugins.
Preloading 0 native plugins for Editor in 0.00 ms.
Unloading 2666 Unused Serialized files (Serialized files now loaded: 0)
System memory in use before: 162.9 MB.
System memory in use after: 163.1 MB.

Unloading 13 unused Assets to reduce memory usage. Loaded Objects now: 3119.
Total: 4.303078 ms (FindLiveObjects: 0.476718 ms CreateObjectMapping: 0.345337 ms MarkObjects: 3.344865 ms  DeleteObjects: 0.133685 ms)

========================================================================
Received Import Request.
  path: Assets/Square.prefab
  artifactKey: Guid(42474f5ea6fff4d9a9cc2bbe9e0f5165) Importer(815301076,1909f56bfc062723c751e8b465ee728b)
Start importing Assets/Square.prefab using Guid(42474f5ea6fff4d9a9cc2bbe9e0f5165) Importer(815301076,1909f56bfc062723c751e8b465ee728b)  -> (artifact id: 'bad969dbf463317888b208cf61c8f445') in 0.565112 seconds 
========================================================================
Received Import Request.
  Time since last request: 919.469053 seconds.
  path: Assets
  artifactKey: Guid(00000000000000001000000000000000) Importer(815301076,1909f56bfc062723c751e8b465ee728b)
Start importing Assets using Guid(00000000000000001000000000000000) Importer(815301076,1909f56bfc062723c751e8b465ee728b)  -> (artifact id: '42d402b061de3733987d63b9cc3b64de') in 0.010525 seconds 
========================================================================
Received Import Request.
  Time since last request: 99.617080 seconds.
  path: Assets/Scenes
  artifactKey: Guid(db90ff52fe66a4f169c389f0ee4dd80c) Importer(815301076,1909f56bfc062723c751e8b465ee728b)
Start importing Assets/Scenes using Guid(db90ff52fe66a4f169c389f0ee4dd80c) Importer(815301076,1909f56bfc062723c751e8b465ee728b)  -> (artifact id: 'f36feb5dbb3e0b8a4a8be9e387c27950') in 0.008830 seconds 
========================================================================
Received Import Request.
  Time since last request: 5.894393 seconds.
  path: Assets/Prefabs
  artifactKey: Guid(110d50bb300a84a0caa926ace74fc2a8) Importer(815301076,1909f56bfc062723c751e8b465ee728b)
Start importing Assets/Prefabs using Guid(110d50bb300a84a0caa926ace74fc2a8) Importer(815301076,1909f56bfc062723c751e8b465ee728b)  -> (artifact id: 'b3555d3172d0085a192094c58070945b') in 0.010013 seconds 
========================================================================
Received Import Request.
  Time since last request: 8.872532 seconds.
  path: Assets/Images
  artifactKey: Guid(ff989108828824053b703899719b0c9c) Importer(815301076,1909f56bfc062723c751e8b465ee728b)
Start importing Assets/Images using Guid(ff989108828824053b703899719b0c9c) Importer(815301076,1909f56bfc062723c751e8b465ee728b)  -> (artifact id: '7e2231d4b74ed9e3ceb27df092e8b3b7') in 0.007008 seconds 
========================================================================
Received Import Request.
  Time since last request: 3.595887 seconds.
  path: Assets/Sounds
  artifactKey: Guid(140ba47e3b3ae46458c3dce858d3881d) Importer(815301076,1909f56bfc062723c751e8b465ee728b)
Start importing Assets/Sounds using Guid(140ba47e3b3ae46458c3dce858d3881d) Importer(815301076,1909f56bfc062723c751e8b465ee728b)  -> (artifact id: '86b2bc591e43e6d6fc56e7cb94a9f34b') in 0.005801 seconds 
========================================================================
Received Import Request.
  Time since last request: 17.962339 seconds.
  path: Assets/Scripts
  artifactKey: Guid(21b32f1f44404452fa3422417d04c924) Importer(815301076,1909f56bfc062723c751e8b465ee728b)
Start importing Assets/Scripts using Guid(21b32f1f44404452fa3422417d04c924) Importer(815301076,1909f56bfc062723c751e8b465ee728b)  -> (artifact id: 'e3b3b6376b448ee2196712650952297d') in 0.007277 seconds 
========================================================================
Received Import Request.
  Time since last request: 1280.039208 seconds.
  path: Assets/Scenes/Screen Template.unity
  artifactKey: Guid(dafe5aab2e5034436b0d9020d2b00a97) Importer(815301076,1909f56bfc062723c751e8b465ee728b)
Start importing Assets/Scenes/Screen Template.unity using Guid(dafe5aab2e5034436b0d9020d2b00a97) Importer(815301076,1909f56bfc062723c751e8b465ee728b)  -> (artifact id: 'e965922daf280fc88db8ba0412ef2e63') in 0.004857 seconds 
========================================================================
Received Prepare
Registering precompiled user dll's ...
Registered in 0.003604 seconds.
Begin MonoManager ReloadAssembly
Symbol file LoadedFromMemory doesn't match image /Users/adrianmester/Documents/GitHub/GMTK21/Boujee Choosey/Library/PackageCache/com.unity.visualscripting@1.6.1/Editor/VisualScripting.Core/Dependencies/YamlDotNet/Unity.VisualScripting.YamlDotNet.dll
Symbol file LoadedFromMemory doesn't match image /Users/adrianmester/Documents/GitHub/GMTK21/Boujee Choosey/Library/PackageCache/com.unity.visualscripting@1.6.1/Editor/VisualScripting.Core/Dependencies/DotNetZip/Unity.VisualScripting.IonicZip.dll
Native extension for WindowsStandalone target not found
Native extension for OSXStandalone target not found
Refreshing native plugins compatible for Editor in 0.87 ms, found 1 plugins.
Preloading 0 native plugins for Editor in 0.00 ms.
Mono: successfully reloaded assembly
- Completed reload, in  2.055 seconds
Platform modules already initialized, skipping
Refreshing native plugins compatible for Editor in 0.58 ms, found 1 plugins.
Preloading 0 native plugins for Editor in 0.00 ms.
Unloading 2660 Unused Serialized files (Serialized files now loaded: 0)
System memory in use before: 167.6 MB.
System memory in use after: 167.8 MB.

Unloading 8 unused Assets to reduce memory usage. Loaded Objects now: 3122.
Total: 4.915137 ms (FindLiveObjects: 0.572967 ms CreateObjectMapping: 0.294814 ms MarkObjects: 3.969854 ms  DeleteObjects: 0.073215 ms)

========================================================================
Received Import Request.
  Time since last request: 2569.536039 seconds.
  path: Assets/Prefabs/Button.prefab
  artifactKey: Guid(c92ef64b85525418f9dfafb00d4fa681) Importer(815301076,1909f56bfc062723c751e8b465ee728b)
Start importing Assets/Prefabs/Button.prefab using Guid(c92ef64b85525418f9dfafb00d4fa681) Importer(815301076,1909f56bfc062723c751e8b465ee728b)  -> (artifact id: '119d4206f74b702ffd1165796949009f') in 0.257696 seconds 
========================================================================
Received Import Request.
  Time since last request: 8.267593 seconds.
  path: Assets/Prefabs/Button 2.0.prefab
  artifactKey: Guid(c92ef64b85525418f9dfafb00d4fa681) Importer(815301076,1909f56bfc062723c751e8b465ee728b)
Start importing Assets/Prefabs/Button 2.0.prefab using Guid(c92ef64b85525418f9dfafb00d4fa681) Importer(815301076,1909f56bfc062723c751e8b465ee728b)  -> (artifact id: '1a3ff15167a8d8b848b9f7dfef7042b3') in 0.042931 seconds 
========================================================================
Received Import Request.
  Time since last request: 405.228192 seconds.
  path: Assets/Scenes/Main Interface.unity
  artifactKey: Guid(7f6c5e20fce7f499db9ff8d5452d5173) Importer(815301076,1909f56bfc062723c751e8b465ee728b)
Start importing Assets/Scenes/Main Interface.unity using Guid(7f6c5e20fce7f499db9ff8d5452d5173) Importer(815301076,1909f56bfc062723c751e8b465ee728b)  -> (artifact id: '68e24e4d9fb4cd373922e874cb4b0980') in 0.012037 seconds 
========================================================================
Received Import Request.
  Time since last request: 113.382723 seconds.
  path: Assets/Scenes/Character Map.unity
  artifactKey: Guid(3c0c0d466cd9342b5b4ad0e7c613ce62) Importer(815301076,1909f56bfc062723c751e8b465ee728b)
Start importing Assets/Scenes/Character Map.unity using Guid(3c0c0d466cd9342b5b4ad0e7c613ce62) Importer(815301076,1909f56bfc062723c751e8b465ee728b)  -> (artifact id: '72b020e4596aa4632c26e709656ee821') in 0.012389 seconds 
========================================================================
Received Import Request.
  Time since last request: 116.194500 seconds.
  path: Assets/Render Textures
  artifactKey: Guid(2ffe8c76d854b43fda0a6b412779987c) Importer(815301076,1909f56bfc062723c751e8b465ee728b)
Start importing Assets/Render Textures using Guid(2ffe8c76d854b43fda0a6b412779987c) Importer(815301076,1909f56bfc062723c751e8b465ee728b)  -> (artifact id: 'd2e4156a5a12743a74126eb7356a8566') in 0.004400 seconds 
========================================================================
Received Import Request.
  Time since last request: 25.030301 seconds.
  path: Assets/Render Textures/New Render Texture.renderTexture
  artifactKey: Guid(bce669066a967402e951596f13f6d8f7) Importer(815301076,1909f56bfc062723c751e8b465ee728b)
Start importing Assets/Render Textures/New Render Texture.renderTexture using Guid(bce669066a967402e951596f13f6d8f7) Importer(815301076,1909f56bfc062723c751e8b465ee728b)  -> (artifact id: 'd83a673187d03ae51b0e16526054f31f') in 0.667674 seconds 
========================================================================
Received Import Request.
  Time since last request: 26.526484 seconds.
  path: Assets/Render Textures/Character Map Text.renderTexture
  artifactKey: Guid(bce669066a967402e951596f13f6d8f7) Importer(815301076,1909f56bfc062723c751e8b465ee728b)
Start importing Assets/Render Textures/Character Map Text.renderTexture using Guid(bce669066a967402e951596f13f6d8f7) Importer(815301076,1909f56bfc062723c751e8b465ee728b)  -> (artifact id: '077add0a17abf7a8053dea540f1e2c90') in 0.026929 seconds 
========================================================================
Received Import Request.
  Time since last request: 6.503346 seconds.
  path: Assets/Render Textures/Character Map
  artifactKey: Guid(102d3f9e0a6fb426c9331be6dcf5a152) Importer(815301076,1909f56bfc062723c751e8b465ee728b)
Start importing Assets/Render Textures/Character Map using Guid(102d3f9e0a6fb426c9331be6dcf5a152) Importer(815301076,1909f56bfc062723c751e8b465ee728b)  -> (artifact id: '9096ebd71ed8e7b173a74e124d2fe388') in 0.005506 seconds 
========================================================================
Received Import Request.
  Time since last request: 15.260920 seconds.
  path: Assets/Render Textures/Character Map/Character Mat.mat
  artifactKey: Guid(d32c8f53bc87f4e05b79aef38fd637b8) Importer(815301076,1909f56bfc062723c751e8b465ee728b)
Start importing Assets/Render Textures/Character Map/Character Mat.mat using Guid(d32c8f53bc87f4e05b79aef38fd637b8) Importer(815301076,1909f56bfc062723c751e8b465ee728b)  -> (artifact id: '1cfcff2140e4dee88211b8f2ead578ac') in 0.657592 seconds 
========================================================================
Received Prepare
Registering precompiled user dll's ...
Registered in 0.001915 seconds.
Begin MonoManager ReloadAssembly
Symbol file LoadedFromMemory doesn't match image /Users/adrianmester/Documents/GitHub/GMTK21/Boujee Choosey/Library/PackageCache/com.unity.visualscripting@1.6.1/Editor/VisualScripting.Core/Dependencies/YamlDotNet/Unity.VisualScripting.YamlDotNet.dll
Symbol file LoadedFromMemory doesn't match image /Users/adrianmester/Documents/GitHub/GMTK21/Boujee Choosey/Library/PackageCache/com.unity.visualscripting@1.6.1/Editor/VisualScripting.Core/Dependencies/DotNetZip/Unity.VisualScripting.IonicZip.dll
Native extension for WindowsStandalone target not found
Native extension for OSXStandalone target not found
Refreshing native plugins compatible for Editor in 0.75 ms, found 1 plugins.
Preloading 0 native plugins for Editor in 0.00 ms.
Mono: successfully reloaded assembly
- Completed reload, in  2.808 seconds
Platform modules already initialized, skipping
Refreshing native plugins compatible for Editor in 1.15 ms, found 1 plugins.
Preloading 0 native plugins for Editor in 0.00 ms.
Unloading 2674 Unused Serialized files (Serialized files now loaded: 0)
System memory in use before: 183.7 MB.
System memory in use after: 183.3 MB.

Unloading 22 unused Assets to reduce memory usage. Loaded Objects now: 3198.
Total: 3.650423 ms (FindLiveObjects: 0.640321 ms CreateObjectMapping: 0.427427 ms MarkObjects: 2.218503 ms  DeleteObjects: 0.336724 ms)

========================================================================
Received Import Request.
  Time since last request: 198.334765 seconds.
  path: Assets/Render Textures/Character Map/Character Mat.mat
  artifactKey: Guid(d32c8f53bc87f4e05b79aef38fd637b8) Importer(815301076,1909f56bfc062723c751e8b465ee728b)
Start importing Assets/Render Textures/Character Map/Character Mat.mat using Guid(d32c8f53bc87f4e05b79aef38fd637b8) Importer(815301076,1909f56bfc062723c751e8b465ee728b)  -> (artifact id: 'c7410e278cd490e25e9f55088adc15fc') in 0.149846 seconds 
========================================================================
Received Import Request.
  Time since last request: 102.510638 seconds.
  path: Assets/Scenes/Main Interface.unity
  artifactKey: Guid(7f6c5e20fce7f499db9ff8d5452d5173) Importer(815301076,1909f56bfc062723c751e8b465ee728b)
Start importing Assets/Scenes/Main Interface.unity using Guid(7f6c5e20fce7f499db9ff8d5452d5173) Importer(815301076,1909f56bfc062723c751e8b465ee728b)  -> (artifact id: '134b43d337ffc7243c5969ded92f8949') in 0.003523 seconds 
========================================================================
Received Import Request.
  Time since last request: 39.583835 seconds.
  path: Assets/Pseudo Headshot.jpeg
  artifactKey: Guid(b5eb1517bc8884a02a69ad29795c5b2f) Importer(815301076,1909f56bfc062723c751e8b465ee728b)
Start importing Assets/Pseudo Headshot.jpeg using Guid(b5eb1517bc8884a02a69ad29795c5b2f) Importer(815301076,1909f56bfc062723c751e8b465ee728b)  -> (artifact id: '403c928e063efc3f39f14ed83ff1e70a') in 0.676471 seconds 
========================================================================
Received Prepare
Registering precompiled user dll's ...
Registered in 0.006851 seconds.
Begin MonoManager ReloadAssembly
Symbol file LoadedFromMemory doesn't match image /Users/adrianmester/Documents/GitHub/GMTK21/Boujee Choosey/Library/PackageCache/com.unity.visualscripting@1.6.1/Editor/VisualScripting.Core/Dependencies/YamlDotNet/Unity.VisualScripting.YamlDotNet.dll
Symbol file LoadedFromMemory doesn't match image /Users/adrianmester/Documents/GitHub/GMTK21/Boujee Choosey/Library/PackageCache/com.unity.visualscripting@1.6.1/Editor/VisualScripting.Core/Dependencies/DotNetZip/Unity.VisualScripting.IonicZip.dll
Native extension for WindowsStandalone target not found
Native extension for OSXStandalone target not found
Refreshing native plugins compatible for Editor in 0.57 ms, found 1 plugins.
Preloading 0 native plugins for Editor in 0.00 ms.
Mono: successfully reloaded assembly
- Completed reload, in  3.589 seconds
Platform modules already initialized, skipping
Refreshing native plugins compatible for Editor in 0.63 ms, found 1 plugins.
Preloading 0 native plugins for Editor in 0.00 ms.
Unloading 2675 Unused Serialized files (Serialized files now loaded: 0)
System memory in use before: 199.8 MB.
System memory in use after: 199.3 MB.

Unloading 21 unused Assets to reduce memory usage. Loaded Objects now: 3221.
Total: 6.181374 ms (FindLiveObjects: 0.417067 ms CreateObjectMapping: 0.185157 ms MarkObjects: 4.921480 ms  DeleteObjects: 0.655325 ms)

========================================================================
Received Prepare
Registering precompiled user dll's ...
Registered in 0.002916 seconds.
Begin MonoManager ReloadAssembly
Symbol file LoadedFromMemory doesn't match image /Users/adrianmester/Documents/GitHub/GMTK21/Boujee Choosey/Library/PackageCache/com.unity.visualscripting@1.6.1/Editor/VisualScripting.Core/Dependencies/YamlDotNet/Unity.VisualScripting.YamlDotNet.dll
Symbol file LoadedFromMemory doesn't match image /Users/adrianmester/Documents/GitHub/GMTK21/Boujee Choosey/Library/PackageCache/com.unity.visualscripting@1.6.1/Editor/VisualScripting.Core/Dependencies/DotNetZip/Unity.VisualScripting.IonicZip.dll
Native extension for WindowsStandalone target not found
Native extension for OSXStandalone target not found
Refreshing native plugins compatible for Editor in 1.79 ms, found 1 plugins.
Preloading 0 native plugins for Editor in 0.00 ms.
Mono: successfully reloaded assembly
- Completed reload, in  2.278 seconds
Platform modules already initialized, skipping
Refreshing native plugins compatible for Editor in 0.66 ms, found 1 plugins.
Preloading 0 native plugins for Editor in 0.00 ms.
Unloading 2674 Unused Serialized files (Serialized files now loaded: 0)
System memory in use before: 199.9 MB.
System memory in use after: 199.5 MB.

Unloading 21 unused Assets to reduce memory usage. Loaded Objects now: 3224.
Total: 4.691464 ms (FindLiveObjects: 0.387417 ms CreateObjectMapping: 0.274439 ms MarkObjects: 2.986759 ms  DeleteObjects: 1.040987 ms)

========================================================================
Received Prepare
Registering precompiled user dll's ...
Registered in 0.003361 seconds.
Begin MonoManager ReloadAssembly
Symbol file LoadedFromMemory doesn't match image /Users/adrianmester/Documents/GitHub/GMTK21/Boujee Choosey/Library/PackageCache/com.unity.visualscripting@1.6.1/Editor/VisualScripting.Core/Dependencies/YamlDotNet/Unity.VisualScripting.YamlDotNet.dll
Symbol file LoadedFromMemory doesn't match image /Users/adrianmester/Documents/GitHub/GMTK21/Boujee Choosey/Library/PackageCache/com.unity.visualscripting@1.6.1/Editor/VisualScripting.Core/Dependencies/DotNetZip/Unity.VisualScripting.IonicZip.dll
Native extension for WindowsStandalone target not found
Native extension for OSXStandalone target not found
Refreshing native plugins compatible for Editor in 0.83 ms, found 1 plugins.
Preloading 0 native plugins for Editor in 0.00 ms.
Mono: successfully reloaded assembly
- Completed reload, in  2.231 seconds
Platform modules already initialized, skipping
Refreshing native plugins compatible for Editor in 0.98 ms, found 1 plugins.
Preloading 0 native plugins for Editor in 0.00 ms.
Unloading 2674 Unused Serialized files (Serialized files now loaded: 0)
System memory in use before: 200.1 MB.
System memory in use after: 199.7 MB.

Unloading 21 unused Assets to reduce memory usage. Loaded Objects now: 3227.
Total: 3.515118 ms (FindLiveObjects: 0.244619 ms CreateObjectMapping: 0.130855 ms MarkObjects: 2.718023 ms  DeleteObjects: 0.420155 ms)

========================================================================
Received Prepare
Registering precompiled user dll's ...
Registered in 0.007297 seconds.
Begin MonoManager ReloadAssembly
Symbol file LoadedFromMemory doesn't match image /Users/adrianmester/Documents/GitHub/GMTK21/Boujee Choosey/Library/PackageCache/com.unity.visualscripting@1.6.1/Editor/VisualScripting.Core/Dependencies/YamlDotNet/Unity.VisualScripting.YamlDotNet.dll
Symbol file LoadedFromMemory doesn't match image /Users/adrianmester/Documents/GitHub/GMTK21/Boujee Choosey/Library/PackageCache/com.unity.visualscripting@1.6.1/Editor/VisualScripting.Core/Dependencies/DotNetZip/Unity.VisualScripting.IonicZip.dll
Native extension for WindowsStandalone target not found
Native extension for OSXStandalone target not found
Refreshing native plugins compatible for Editor in 0.68 ms, found 1 plugins.
Preloading 0 native plugins for Editor in 0.00 ms.
Mono: successfully reloaded assembly
- Completed reload, in  1.937 seconds
Platform modules already initialized, skipping
Refreshing native plugins compatible for Editor in 0.69 ms, found 1 plugins.
Preloading 0 native plugins for Editor in 0.00 ms.
Unloading 2674 Unused Serialized files (Serialized files now loaded: 0)
System memory in use before: 200.3 MB.
System memory in use after: 199.9 MB.

Unloading 21 unused Assets to reduce memory usage. Loaded Objects now: 3230.
Total: 3.181401 ms (FindLiveObjects: 0.335634 ms CreateObjectMapping: 0.180088 ms MarkObjects: 2.305220 ms  DeleteObjects: 0.358819 ms)

========================================================================
Received Prepare
Registering precompiled user dll's ...
Registered in 0.002534 seconds.
Begin MonoManager ReloadAssembly
Symbol file LoadedFromMemory doesn't match image /Users/adrianmester/Documents/GitHub/GMTK21/Boujee Choosey/Library/PackageCache/com.unity.visualscripting@1.6.1/Editor/VisualScripting.Core/Dependencies/YamlDotNet/Unity.VisualScripting.YamlDotNet.dll
Symbol file LoadedFromMemory doesn't match image /Users/adrianmester/Documents/GitHub/GMTK21/Boujee Choosey/Library/PackageCache/com.unity.visualscripting@1.6.1/Editor/VisualScripting.Core/Dependencies/DotNetZip/Unity.VisualScripting.IonicZip.dll
Native extension for WindowsStandalone target not found
Native extension for OSXStandalone target not found
Refreshing native plugins compatible for Editor in 2.05 ms, found 1 plugins.
Preloading 0 native plugins for Editor in 0.00 ms.
Mono: successfully reloaded assembly
- Completed reload, in  1.955 seconds
Platform modules already initialized, skipping
Refreshing native plugins compatible for Editor in 0.59 ms, found 1 plugins.
Preloading 0 native plugins for Editor in 0.00 ms.
Unloading 2674 Unused Serialized files (Serialized files now loaded: 0)
System memory in use before: 200.5 MB.
System memory in use after: 200.1 MB.

Unloading 21 unused Assets to reduce memory usage. Loaded Objects now: 3233.
Total: 6.515103 ms (FindLiveObjects: 0.724521 ms CreateObjectMapping: 0.401045 ms MarkObjects: 4.785274 ms  DeleteObjects: 0.601910 ms)

========================================================================
Received Import Request.
  Time since last request: 352.788077 seconds.
  path: Assets/Scenes/Character Map.unity
  artifactKey: Guid(3c0c0d466cd9342b5b4ad0e7c613ce62) Importer(815301076,1909f56bfc062723c751e8b465ee728b)
Start importing Assets/Scenes/Character Map.unity using Guid(3c0c0d466cd9342b5b4ad0e7c613ce62) Importer(815301076,1909f56bfc062723c751e8b465ee728b)  -> (artifact id: 'ff2ef704e0e157da73ca9e75265e5556') in 0.030197 seconds 
========================================================================
Received Import Request.
  Time since last request: 41.068346 seconds.
  path: Assets/Scenes/Main Interface.unity
  artifactKey: Guid(7f6c5e20fce7f499db9ff8d5452d5173) Importer(815301076,1909f56bfc062723c751e8b465ee728b)
Start importing Assets/Scenes/Main Interface.unity using Guid(7f6c5e20fce7f499db9ff8d5452d5173) Importer(815301076,1909f56bfc062723c751e8b465ee728b)  -> (artifact id: '7f812686824d2c086c45968c9279e6f6') in 0.005919 seconds 
========================================================================
Received Prepare
Registering precompiled user dll's ...
Registered in 0.001673 seconds.
Begin MonoManager ReloadAssembly
Symbol file LoadedFromMemory doesn't match image /Users/adrianmester/Documents/GitHub/GMTK21/Boujee Choosey/Library/PackageCache/com.unity.visualscripting@1.6.1/Editor/VisualScripting.Core/Dependencies/YamlDotNet/Unity.VisualScripting.YamlDotNet.dll
Symbol file LoadedFromMemory doesn't match image /Users/adrianmester/Documents/GitHub/GMTK21/Boujee Choosey/Library/PackageCache/com.unity.visualscripting@1.6.1/Editor/VisualScripting.Core/Dependencies/DotNetZip/Unity.VisualScripting.IonicZip.dll
Native extension for WindowsStandalone target not found
Native extension for OSXStandalone target not found
Refreshing native plugins compatible for Editor in 0.61 ms, found 1 plugins.
Preloading 0 native plugins for Editor in 0.00 ms.
Mono: successfully reloaded assembly
- Completed reload, in  1.881 seconds
Platform modules already initialized, skipping
Refreshing native plugins compatible for Editor in 0.59 ms, found 1 plugins.
Preloading 0 native plugins for Editor in 0.00 ms.
Unloading 2674 Unused Serialized files (Serialized files now loaded: 0)
System memory in use before: 200.7 MB.
System memory in use after: 200.3 MB.

Unloading 21 unused Assets to reduce memory usage. Loaded Objects now: 3236.
Total: 4.354849 ms (FindLiveObjects: 0.907448 ms CreateObjectMapping: 0.804064 ms MarkObjects: 2.272568 ms  DeleteObjects: 0.368438 ms)

========================================================================
Received Prepare
Registering precompiled user dll's ...
Registered in 0.001789 seconds.
Begin MonoManager ReloadAssembly
Symbol file LoadedFromMemory doesn't match image /Users/adrianmester/Documents/GitHub/GMTK21/Boujee Choosey/Library/PackageCache/com.unity.visualscripting@1.6.1/Editor/VisualScripting.Core/Dependencies/YamlDotNet/Unity.VisualScripting.YamlDotNet.dll
Symbol file LoadedFromMemory doesn't match image /Users/adrianmester/Documents/GitHub/GMTK21/Boujee Choosey/Library/PackageCache/com.unity.visualscripting@1.6.1/Editor/VisualScripting.Core/Dependencies/DotNetZip/Unity.VisualScripting.IonicZip.dll
Native extension for WindowsStandalone target not found
Native extension for OSXStandalone target not found
Refreshing native plugins compatible for Editor in 0.96 ms, found 1 plugins.
Preloading 0 native plugins for Editor in 0.00 ms.
Mono: successfully reloaded assembly
- Completed reload, in  1.904 seconds
Platform modules already initialized, skipping
Refreshing native plugins compatible for Editor in 1.00 ms, found 1 plugins.
Preloading 0 native plugins for Editor in 0.00 ms.
Unloading 2674 Unused Serialized files (Serialized files now loaded: 0)
System memory in use before: 200.8 MB.
System memory in use after: 200.4 MB.

Unloading 21 unused Assets to reduce memory usage. Loaded Objects now: 3239.
Total: 4.151179 ms (FindLiveObjects: 0.432283 ms CreateObjectMapping: 0.293745 ms MarkObjects: 3.055709 ms  DeleteObjects: 0.367740 ms)

========================================================================
Received Prepare
Registering precompiled user dll's ...
Registered in 0.003996 seconds.
Begin MonoManager ReloadAssembly
Symbol file LoadedFromMemory doesn't match image /Users/adrianmester/Documents/GitHub/GMTK21/Boujee Choosey/Library/PackageCache/com.unity.visualscripting@1.6.1/Editor/VisualScripting.Core/Dependencies/YamlDotNet/Unity.VisualScripting.YamlDotNet.dll
Symbol file LoadedFromMemory doesn't match image /Users/adrianmester/Documents/GitHub/GMTK21/Boujee Choosey/Library/PackageCache/com.unity.visualscripting@1.6.1/Editor/VisualScripting.Core/Dependencies/DotNetZip/Unity.VisualScripting.IonicZip.dll
Native extension for WindowsStandalone target not found
Native extension for OSXStandalone target not found
Refreshing native plugins compatible for Editor in 1.24 ms, found 1 plugins.
Preloading 0 native plugins for Editor in 0.00 ms.
Mono: successfully reloaded assembly
- Completed reload, in  1.997 seconds
Platform modules already initialized, skipping
Refreshing native plugins compatible for Editor in 0.62 ms, found 1 plugins.
Preloading 0 native plugins for Editor in 0.00 ms.
Unloading 2674 Unused Serialized files (Serialized files now loaded: 0)
System memory in use before: 201.0 MB.
System memory in use after: 200.6 MB.

Unloading 21 unused Assets to reduce memory usage. Loaded Objects now: 3242.
Total: 4.933053 ms (FindLiveObjects: 0.378169 ms CreateObjectMapping: 0.325637 ms MarkObjects: 3.643785 ms  DeleteObjects: 0.583562 ms)

========================================================================
Received Prepare
Registering precompiled user dll's ...
Registered in 0.001895 seconds.
Begin MonoManager ReloadAssembly
Symbol file LoadedFromMemory doesn't match image /Users/adrianmester/Documents/GitHub/GMTK21/Boujee Choosey/Library/PackageCache/com.unity.visualscripting@1.6.1/Editor/VisualScripting.Core/Dependencies/YamlDotNet/Unity.VisualScripting.YamlDotNet.dll
Symbol file LoadedFromMemory doesn't match image /Users/adrianmester/Documents/GitHub/GMTK21/Boujee Choosey/Library/PackageCache/com.unity.visualscripting@1.6.1/Editor/VisualScripting.Core/Dependencies/DotNetZip/Unity.VisualScripting.IonicZip.dll
Native extension for WindowsStandalone target not found
Native extension for OSXStandalone target not found
Refreshing native plugins compatible for Editor in 0.69 ms, found 1 plugins.
Preloading 0 native plugins for Editor in 0.00 ms.
Mono: successfully reloaded assembly
- Completed reload, in  2.001 seconds
Platform modules already initialized, skipping
Refreshing native plugins compatible for Editor in 0.82 ms, found 1 plugins.
Preloading 0 native plugins for Editor in 0.00 ms.
Unloading 2674 Unused Serialized files (Serialized files now loaded: 0)
System memory in use before: 201.2 MB.
System memory in use after: 200.8 MB.

Unloading 21 unused Assets to reduce memory usage. Loaded Objects now: 3245.
Total: 4.895680 ms (FindLiveObjects: 0.482716 ms CreateObjectMapping: 0.243715 ms MarkObjects: 3.547899 ms  DeleteObjects: 0.619265 ms)

========================================================================
Received Prepare
Registering precompiled user dll's ...
Registered in 0.008799 seconds.
Begin MonoManager ReloadAssembly
Symbol file LoadedFromMemory doesn't match image /Users/adrianmester/Documents/GitHub/GMTK21/Boujee Choosey/Library/PackageCache/com.unity.visualscripting@1.6.1/Editor/VisualScripting.Core/Dependencies/YamlDotNet/Unity.VisualScripting.YamlDotNet.dll
Symbol file LoadedFromMemory doesn't match image /Users/adrianmester/Documents/GitHub/GMTK21/Boujee Choosey/Library/PackageCache/com.unity.visualscripting@1.6.1/Editor/VisualScripting.Core/Dependencies/DotNetZip/Unity.VisualScripting.IonicZip.dll
Native extension for WindowsStandalone target not found
Native extension for OSXStandalone target not found
Refreshing native plugins compatible for Editor in 1.03 ms, found 1 plugins.
Preloading 0 native plugins for Editor in 0.00 ms.
Mono: successfully reloaded assembly
- Completed reload, in  2.868 seconds
Platform modules already initialized, skipping
Refreshing native plugins compatible for Editor in 0.85 ms, found 1 plugins.
Preloading 0 native plugins for Editor in 0.00 ms.
Unloading 2674 Unused Serialized files (Serialized files now loaded: 0)
System memory in use before: 201.4 MB.
System memory in use after: 201.0 MB.

Unloading 21 unused Assets to reduce memory usage. Loaded Objects now: 3248.
Total: 2.748495 ms (FindLiveObjects: 0.244317 ms CreateObjectMapping: 0.113838 ms MarkObjects: 2.048859 ms  DeleteObjects: 0.340120 ms)

========================================================================
Received Import Request.
  Time since last request: 360.764709 seconds.
  path: Assets/Scenes/Screen Template.unity
  artifactKey: Guid(dafe5aab2e5034436b0d9020d2b00a97) Importer(815301076,1909f56bfc062723c751e8b465ee728b)
Start importing Assets/Scenes/Screen Template.unity using Guid(dafe5aab2e5034436b0d9020d2b00a97) Importer(815301076,1909f56bfc062723c751e8b465ee728b)  -> (artifact id: '79b8a1f3b7952873bbee78fff8adeed8') in 0.049382 seconds 
========================================================================
Received Import Request.
  Time since last request: 535.921312 seconds.
  path: Assets/Scenes/Character Map.unity
  artifactKey: Guid(3c0c0d466cd9342b5b4ad0e7c613ce62) Importer(815301076,1909f56bfc062723c751e8b465ee728b)
Start importing Assets/Scenes/Character Map.unity using Guid(3c0c0d466cd9342b5b4ad0e7c613ce62) Importer(815301076,1909f56bfc062723c751e8b465ee728b)  -> (artifact id: 'e73885cb8d85854844be4f910d596a55') in 0.004385 seconds 
========================================================================
Received Import Request.
  Time since last request: 4.083020 seconds.
  path: Assets/Scenes/Screen Template.unity
  artifactKey: Guid(dafe5aab2e5034436b0d9020d2b00a97) Importer(815301076,1909f56bfc062723c751e8b465ee728b)
Start importing Assets/Scenes/Screen Template.unity using Guid(dafe5aab2e5034436b0d9020d2b00a97) Importer(815301076,1909f56bfc062723c751e8b465ee728b)  -> (artifact id: 'ac2624ba0735cb3a3f3416d167533f4b') in 0.004125 seconds 
========================================================================
Received Prepare
Registering precompiled user dll's ...
Registered in 0.006911 seconds.
Begin MonoManager ReloadAssembly
Symbol file LoadedFromMemory doesn't match image /Users/adrianmester/Documents/GitHub/GMTK21/Boujee Choosey/Library/PackageCache/com.unity.visualscripting@1.6.1/Editor/VisualScripting.Core/Dependencies/YamlDotNet/Unity.VisualScripting.YamlDotNet.dll
Symbol file LoadedFromMemory doesn't match image /Users/adrianmester/Documents/GitHub/GMTK21/Boujee Choosey/Library/PackageCache/com.unity.visualscripting@1.6.1/Editor/VisualScripting.Core/Dependencies/DotNetZip/Unity.VisualScripting.IonicZip.dll
Native extension for WindowsStandalone target not found
Native extension for OSXStandalone target not found
Refreshing native plugins compatible for Editor in 0.85 ms, found 1 plugins.
Preloading 0 native plugins for Editor in 0.00 ms.
Mono: successfully reloaded assembly
- Completed reload, in  1.977 seconds
Platform modules already initialized, skipping
Refreshing native plugins compatible for Editor in 0.75 ms, found 1 plugins.
Preloading 0 native plugins for Editor in 0.00 ms.
Unloading 2674 Unused Serialized files (Serialized files now loaded: 0)
System memory in use before: 201.6 MB.
System memory in use after: 201.2 MB.

Unloading 21 unused Assets to reduce memory usage. Loaded Objects now: 3251.
Total: 5.879870 ms (FindLiveObjects: 0.406829 ms CreateObjectMapping: 0.261216 ms MarkObjects: 4.822345 ms  DeleteObjects: 0.387633 ms)

========================================================================
Received Prepare
Registering precompiled user dll's ...
Registered in 0.002224 seconds.
Begin MonoManager ReloadAssembly
Symbol file LoadedFromMemory doesn't match image /Users/adrianmester/Documents/GitHub/GMTK21/Boujee Choosey/Library/PackageCache/com.unity.visualscripting@1.6.1/Editor/VisualScripting.Core/Dependencies/YamlDotNet/Unity.VisualScripting.YamlDotNet.dll
Symbol file LoadedFromMemory doesn't match image /Users/adrianmester/Documents/GitHub/GMTK21/Boujee Choosey/Library/PackageCache/com.unity.visualscripting@1.6.1/Editor/VisualScripting.Core/Dependencies/DotNetZip/Unity.VisualScripting.IonicZip.dll
Native extension for WindowsStandalone target not found
Native extension for OSXStandalone target not found
Refreshing native plugins compatible for Editor in 0.80 ms, found 1 plugins.
Preloading 0 native plugins for Editor in 0.00 ms.
Mono: successfully reloaded assembly
- Completed reload, in  1.965 seconds
Platform modules already initialized, skipping
Refreshing native plugins compatible for Editor in 0.65 ms, found 1 plugins.
Preloading 0 native plugins for Editor in 0.00 ms.
Unloading 2674 Unused Serialized files (Serialized files now loaded: 0)
System memory in use before: 201.8 MB.
System memory in use after: 201.4 MB.

Unloading 21 unused Assets to reduce memory usage. Loaded Objects now: 3254.
Total: 3.963217 ms (FindLiveObjects: 0.517772 ms CreateObjectMapping: 0.313436 ms MarkObjects: 2.499918 ms  DeleteObjects: 0.630225 ms)

========================================================================
Received Import Request.
  Time since last request: 102.129825 seconds.
  path: Assets/Scenes/Funny Scene.unity
  artifactKey: Guid(757375c03847a4db49104843535a9236) Importer(815301076,1909f56bfc062723c751e8b465ee728b)
Start importing Assets/Scenes/Funny Scene.unity using Guid(757375c03847a4db49104843535a9236) Importer(815301076,1909f56bfc062723c751e8b465ee728b)  -> (artifact id: '8fbb7c951e7add492a70cf6178eadce0') in 0.025933 seconds 
========================================================================
Received Import Request.
  Time since last request: 10.988364 seconds.
  path: ProjectSettings/TagManager.asset
  artifactKey: Guid(00000000000000003000000000000000) Importer(815301076,1909f56bfc062723c751e8b465ee728b)
Start importing ProjectSettings/TagManager.asset using Guid(00000000000000003000000000000000) Importer(815301076,1909f56bfc062723c751e8b465ee728b)  -> (artifact id: 'ce6a35c3cddc746e7501c0bd0ed6d4ce') in 3.065605 seconds 
========================================================================
Received Prepare
Registering precompiled user dll's ...
Registered in 0.008299 seconds.
Begin MonoManager ReloadAssembly
Symbol file LoadedFromMemory doesn't match image /Users/adrianmester/Documents/GitHub/GMTK21/Boujee Choosey/Library/PackageCache/com.unity.visualscripting@1.6.1/Editor/VisualScripting.Core/Dependencies/YamlDotNet/Unity.VisualScripting.YamlDotNet.dll
Symbol file LoadedFromMemory doesn't match image /Users/adrianmester/Documents/GitHub/GMTK21/Boujee Choosey/Library/PackageCache/com.unity.visualscripting@1.6.1/Editor/VisualScripting.Core/Dependencies/DotNetZip/Unity.VisualScripting.IonicZip.dll
Native extension for WindowsStandalone target not found
Native extension for OSXStandalone target not found
Refreshing native plugins compatible for Editor in 0.59 ms, found 1 plugins.
Preloading 0 native plugins for Editor in 0.00 ms.
Mono: successfully reloaded assembly
- Completed reload, in  1.860 seconds
Platform modules already initialized, skipping
Refreshing native plugins compatible for Editor in 0.80 ms, found 1 plugins.
Preloading 0 native plugins for Editor in 0.00 ms.
Unloading 2674 Unused Serialized files (Serialized files now loaded: 0)
System memory in use before: 206.2 MB.
System memory in use after: 205.8 MB.

Unloading 22 unused Assets to reduce memory usage. Loaded Objects now: 3257.
Total: 3.813954 ms (FindLiveObjects: 0.271922 ms CreateObjectMapping: 0.200188 ms MarkObjects: 2.744157 ms  DeleteObjects: 0.595552 ms)

========================================================================
Received Import Request.
  Time since last request: 56.768335 seconds.
  path: Assets/Scenes/Character Map.unity
  artifactKey: Guid(3c0c0d466cd9342b5b4ad0e7c613ce62) Importer(815301076,1909f56bfc062723c751e8b465ee728b)
Start importing Assets/Scenes/Character Map.unity using Guid(3c0c0d466cd9342b5b4ad0e7c613ce62) Importer(815301076,1909f56bfc062723c751e8b465ee728b)  -> (artifact id: '3459110fe9d7ea3cabb6bccb2ec8147b') in 0.028435 seconds 
========================================================================
Received Prepare
Registering precompiled user dll's ...
Registered in 0.004661 seconds.
Begin MonoManager ReloadAssembly
Symbol file LoadedFromMemory doesn't match image /Users/adrianmester/Documents/GitHub/GMTK21/Boujee Choosey/Library/PackageCache/com.unity.visualscripting@1.6.1/Editor/VisualScripting.Core/Dependencies/YamlDotNet/Unity.VisualScripting.YamlDotNet.dll
Symbol file LoadedFromMemory doesn't match image /Users/adrianmester/Documents/GitHub/GMTK21/Boujee Choosey/Library/PackageCache/com.unity.visualscripting@1.6.1/Editor/VisualScripting.Core/Dependencies/DotNetZip/Unity.VisualScripting.IonicZip.dll
Native extension for WindowsStandalone target not found
Native extension for OSXStandalone target not found
Refreshing native plugins compatible for Editor in 0.53 ms, found 1 plugins.
Preloading 0 native plugins for Editor in 0.00 ms.
Mono: successfully reloaded assembly
- Completed reload, in  2.153 seconds
Platform modules already initialized, skipping
Refreshing native plugins compatible for Editor in 0.93 ms, found 1 plugins.
Preloading 0 native plugins for Editor in 0.00 ms.
Unloading 2674 Unused Serialized files (Serialized files now loaded: 0)
System memory in use before: 206.4 MB.
System memory in use after: 206.0 MB.

Unloading 21 unused Assets to reduce memory usage. Loaded Objects now: 3260.
Total: 3.357371 ms (FindLiveObjects: 0.339601 ms CreateObjectMapping: 0.177439 ms MarkObjects: 2.453940 ms  DeleteObjects: 0.384773 ms)

========================================================================
Received Prepare
Registering precompiled user dll's ...
Registered in 0.019236 seconds.
Begin MonoManager ReloadAssembly
Symbol file LoadedFromMemory doesn't match image /Users/adrianmester/Documents/GitHub/GMTK21/Boujee Choosey/Library/PackageCache/com.unity.visualscripting@1.6.1/Editor/VisualScripting.Core/Dependencies/YamlDotNet/Unity.VisualScripting.YamlDotNet.dll
Symbol file LoadedFromMemory doesn't match image /Users/adrianmester/Documents/GitHub/GMTK21/Boujee Choosey/Library/PackageCache/com.unity.visualscripting@1.6.1/Editor/VisualScripting.Core/Dependencies/DotNetZip/Unity.VisualScripting.IonicZip.dll
Native extension for WindowsStandalone target not found
Native extension for OSXStandalone target not found
Refreshing native plugins compatible for Editor in 2.09 ms, found 1 plugins.
Preloading 0 native plugins for Editor in 0.00 ms.
Mono: successfully reloaded assembly
- Completed reload, in  4.024 seconds
Platform modules already initialized, skipping
Refreshing native plugins compatible for Editor in 0.70 ms, found 1 plugins.
Preloading 0 native plugins for Editor in 0.00 ms.
Unloading 2674 Unused Serialized files (Serialized files now loaded: 0)
System memory in use before: 206.6 MB.
System memory in use after: 206.2 MB.

Unloading 21 unused Assets to reduce memory usage. Loaded Objects now: 3263.
Total: 6.837290 ms (FindLiveObjects: 1.389157 ms CreateObjectMapping: 1.152453 ms MarkObjects: 3.891110 ms  DeleteObjects: 0.402614 ms)

========================================================================
Received Import Request.
  Time since last request: 284.629183 seconds.
  path: Assets/TextMesh Pro/Sprites/EmojiOne.png
  artifactKey: Guid(dffef66376be4fa480fb02b19edbe903) Importer(815301076,1909f56bfc062723c751e8b465ee728b)
Start importing Assets/TextMesh Pro/Sprites/EmojiOne.png using Guid(dffef66376be4fa480fb02b19edbe903) Importer(815301076,1909f56bfc062723c751e8b465ee728b)  -> (artifact id: 'c0823066b7ec52758287ee63733e29fa') in 1.173593 seconds 
========================================================================
Received Import Request.
  Time since last request: 0.001840 seconds.
  path: Assets/TextMesh Pro/Resources/Fonts & Materials/LiberationSans SDF - Fallback.asset
  artifactKey: Guid(2e498d1c8094910479dc3e1b768306a4) Importer(815301076,1909f56bfc062723c751e8b465ee728b)
Start importing Assets/TextMesh Pro/Resources/Fonts & Materials/LiberationSans SDF - Fallback.asset using Guid(2e498d1c8094910479dc3e1b768306a4) Importer(815301076,1909f56bfc062723c751e8b465ee728b)  -> (artifact id: 'b8c2210586957436df79bf961aeff06e') in 0.452960 seconds 
========================================================================
Received Import Request.
  Time since last request: 0.000267 seconds.
  path: Assets/TextMesh Pro/Fonts/LiberationSans.ttf
  artifactKey: Guid(e3265ab4bf004d28a9537516768c1c75) Importer(815301076,1909f56bfc062723c751e8b465ee728b)
Start importing Assets/TextMesh Pro/Fonts/LiberationSans.ttf using Guid(e3265ab4bf004d28a9537516768c1c75) Importer(815301076,1909f56bfc062723c751e8b465ee728b)  -> (artifact id: 'f6e3570d56907ebebeef7b0439dda6d5') in 1.132588 seconds 
========================================================================
Received Import Request.
  Time since last request: 0.001045 seconds.
  path: Assets/TextMesh Pro/Resources/Fonts & Materials/LiberationSans SDF.asset
  artifactKey: Guid(8f586378b4e144a9851e7b34d9b748ee) Importer(815301076,1909f56bfc062723c751e8b465ee728b)
Start importing Assets/TextMesh Pro/Resources/Fonts & Materials/LiberationSans SDF.asset using Guid(8f586378b4e144a9851e7b34d9b748ee) Importer(815301076,1909f56bfc062723c751e8b465ee728b)  -> (artifact id: 'f1280cc7be10b532b2897fc8654f95d3') in 0.098575 seconds 
========================================================================
Received Prepare
Registering precompiled user dll's ...
Registered in 0.006254 seconds.
Begin MonoManager ReloadAssembly
Symbol file LoadedFromMemory doesn't match image /Users/adrianmester/Documents/GitHub/GMTK21/Boujee Choosey/Library/PackageCache/com.unity.visualscripting@1.6.1/Editor/VisualScripting.Core/Dependencies/YamlDotNet/Unity.VisualScripting.YamlDotNet.dll
Symbol file LoadedFromMemory doesn't match image /Users/adrianmester/Documents/GitHub/GMTK21/Boujee Choosey/Library/PackageCache/com.unity.visualscripting@1.6.1/Editor/VisualScripting.Core/Dependencies/DotNetZip/Unity.VisualScripting.IonicZip.dll
Native extension for WindowsStandalone target not found
Native extension for OSXStandalone target not found
Refreshing native plugins compatible for Editor in 0.94 ms, found 1 plugins.
Preloading 0 native plugins for Editor in 0.00 ms.
Mono: successfully reloaded assembly
- Completed reload, in  2.053 seconds
Platform modules already initialized, skipping
Refreshing native plugins compatible for Editor in 0.71 ms, found 1 plugins.
Preloading 0 native plugins for Editor in 0.00 ms.
Unloading 2678 Unused Serialized files (Serialized files now loaded: 0)
System memory in use before: 218.7 MB.
System memory in use after: 218.3 MB.

Unloading 20 unused Assets to reduce memory usage. Loaded Objects now: 3332.
Total: 3.379353 ms (FindLiveObjects: 0.281665 ms CreateObjectMapping: 0.131686 ms MarkObjects: 2.501578 ms  DeleteObjects: 0.462881 ms)

========================================================================
Received Prepare
Registering precompiled user dll's ...
Registered in 0.008736 seconds.
Begin MonoManager ReloadAssembly
Symbol file LoadedFromMemory doesn't match image /Users/adrianmester/Documents/GitHub/GMTK21/Boujee Choosey/Library/PackageCache/com.unity.visualscripting@1.6.1/Editor/VisualScripting.Core/Dependencies/YamlDotNet/Unity.VisualScripting.YamlDotNet.dll
Symbol file LoadedFromMemory doesn't match image /Users/adrianmester/Documents/GitHub/GMTK21/Boujee Choosey/Library/PackageCache/com.unity.visualscripting@1.6.1/Editor/VisualScripting.Core/Dependencies/DotNetZip/Unity.VisualScripting.IonicZip.dll
Native extension for WindowsStandalone target not found
Native extension for OSXStandalone target not found
Refreshing native plugins compatible for Editor in 0.63 ms, found 1 plugins.
Preloading 0 native plugins for Editor in 0.00 ms.
Mono: successfully reloaded assembly
- Completed reload, in  1.695 seconds
Platform modules already initialized, skipping
Refreshing native plugins compatible for Editor in 0.86 ms, found 1 plugins.
Preloading 0 native plugins for Editor in 0.00 ms.
Unloading 2673 Unused Serialized files (Serialized files now loaded: 0)
System memory in use before: 218.6 MB.
System memory in use after: 218.3 MB.

Unloading 20 unused Assets to reduce memory usage. Loaded Objects now: 3335.
Total: 3.030309 ms (FindLiveObjects: 0.260687 ms CreateObjectMapping: 0.115782 ms MarkObjects: 2.312050 ms  DeleteObjects: 0.340297 ms)

========================================================================
Received Import Request.
  Time since last request: 7324.643860 seconds.
  path: Assets/Scenes/Character Map.unity
  artifactKey: Guid(3c0c0d466cd9342b5b4ad0e7c613ce62) Importer(815301076,1909f56bfc062723c751e8b465ee728b)
Start importing Assets/Scenes/Character Map.unity using Guid(3c0c0d466cd9342b5b4ad0e7c613ce62) Importer(815301076,1909f56bfc062723c751e8b465ee728b)  -> (artifact id: '173aa464c11565f179778594efb492e5') in 0.177525 seconds 
========================================================================
Received Prepare
Registering precompiled user dll's ...
Registered in 0.005286 seconds.
Begin MonoManager ReloadAssembly
Symbol file LoadedFromMemory doesn't match image /Users/adrianmester/Documents/GitHub/GMTK21/Boujee Choosey/Library/PackageCache/com.unity.visualscripting@1.6.1/Editor/VisualScripting.Core/Dependencies/YamlDotNet/Unity.VisualScripting.YamlDotNet.dll
Symbol file LoadedFromMemory doesn't match image /Users/adrianmester/Documents/GitHub/GMTK21/Boujee Choosey/Library/PackageCache/com.unity.visualscripting@1.6.1/Editor/VisualScripting.Core/Dependencies/DotNetZip/Unity.VisualScripting.IonicZip.dll
Native extension for WindowsStandalone target not found
Native extension for OSXStandalone target not found
Refreshing native plugins compatible for Editor in 2.49 ms, found 1 plugins.
Preloading 0 native plugins for Editor in 0.00 ms.
Mono: successfully reloaded assembly
- Completed reload, in  3.138 seconds
Platform modules already initialized, skipping
Refreshing native plugins compatible for Editor in 0.85 ms, found 1 plugins.
Preloading 0 native plugins for Editor in 0.00 ms.
Unloading 2674 Unused Serialized files (Serialized files now loaded: 0)
System memory in use before: 218.9 MB.
System memory in use after: 218.5 MB.

Unloading 20 unused Assets to reduce memory usage. Loaded Objects now: 3339.
Total: 4.060636 ms (FindLiveObjects: 0.399836 ms CreateObjectMapping: 0.250257 ms MarkObjects: 2.743582 ms  DeleteObjects: 0.664853 ms)

